c:\users\charr\documents\github\game-engine-dev\02 - sdl setup & viewport\programming for graphics\x64\debug\vc143.pdb
c:\users\charr\documents\github\game-engine-dev\02 - sdl setup & viewport\programming for graphics\x64\debug\vc143.idb
c:\users\charr\documents\github\game-engine-dev\02 - sdl setup & viewport\programming for graphics\x64\debug\main.obj
c:\users\charr\documents\github\game-engine-dev\02 - sdl setup & viewport\programming for graphics\x64\debug\imgui_sdl.obj
c:\users\charr\documents\github\game-engine-dev\02 - sdl setup & viewport\programming for graphics\x64\debug\imgui_widgets.obj
c:\users\charr\documents\github\game-engine-dev\02 - sdl setup & viewport\programming for graphics\x64\debug\imgui_tables.obj
c:\users\charr\documents\github\game-engine-dev\02 - sdl setup & viewport\programming for graphics\x64\debug\imgui_draw.obj
c:\users\charr\documents\github\game-engine-dev\02 - sdl setup & viewport\programming for graphics\x64\debug\imgui_demo.obj
c:\users\charr\documents\github\game-engine-dev\02 - sdl setup & viewport\programming for graphics\x64\debug\imgui.obj
c:\users\charr\documents\github\game-engine-dev\02 - sdl setup & viewport\programming for graphics\x64\debug\imgui_impl_sdl.obj
c:\users\charr\documents\github\game-engine-dev\02 - sdl setup & viewport\programming for graphics\x64\debug\input.obj
c:\users\charr\documents\github\game-engine-dev\02 - sdl setup & viewport\programming for graphics\x64\debug\game.obj
c:\users\charr\documents\github\game-engine-dev\02 - sdl setup & viewport\programming for graphics\x64\debug\bitmaps.obj
c:\users\charr\documents\github\game-engine-dev\02 - sdl setup & viewport\programming for graphics\x64\debug\asseteditor.obj
c:\users\charr\documents\github\game-engine-dev\02 - sdl setup & viewport\programming for graphics\x64\debug\geme engine.tlog\cl.command.1.tlog
c:\users\charr\documents\github\game-engine-dev\02 - sdl setup & viewport\programming for graphics\x64\debug\geme engine.tlog\cl.read.1.tlog
c:\users\charr\documents\github\game-engine-dev\02 - sdl setup & viewport\programming for graphics\x64\debug\geme engine.tlog\cl.write.1.tlog
c:\users\charr\documents\github\game-engine-dev\02 - sdl setup & viewport\programming for graphics\x64\debug\geme engine.tlog\link.command.1.tlog
c:\users\charr\documents\github\game-engine-dev\02 - sdl setup & viewport\programming for graphics\x64\debug\geme engine.tlog\link.read.1.tlog
c:\users\charr\documents\github\game-engine-dev\02 - sdl setup & viewport\programming for graphics\x64\debug\geme engine.tlog\link.write.1.tlog
